<?xml version="1.0" encoding="UTF-8"?>
<testng-results ignored="0" total="1" passed="1" failed="0" skipped="0">
  <reporter-output>
  </reporter-output>
  <suite started-at="2021-11-12T20:32:53 IST" name="Default suite" finished-at="2021-11-12T20:33:16 IST" duration-ms="22890">
    <groups>
    </groups>
    <test started-at="2021-11-12T20:32:53 IST" name="Default test" finished-at="2021-11-12T20:33:16 IST" duration-ms="22890">
      <class name="practise.ClearTrip">
        <test-method signature="bookTicket()[pri:0, instance:practise.ClearTrip@73700b80]" started-at="2021-11-12T20:32:53 IST" name="bookTicket" finished-at="2021-11-12T20:33:16 IST" duration-ms="22789" status="PASS">
          <reporter-output>
          </reporter-output>
        </test-method> <!-- bookTicket -->
      </class> <!-- practise.ClearTrip -->
    </test> <!-- Default test -->
  </suite> <!-- Default suite -->
</testng-results>
